
> @thinairthings/uix@ build /home/aircraft/create/Hirebird/hirebird.v.2/hb.monorepo/packages/uix
> tsup-node

[34mCLI[39m Building entry: {"cli/cli":"src/app/cli.ts"}
[34mCLI[39m Using tsconfig: tsconfig.cli.json
[34mCLI[39m Building entry: {"cli/cli":"src/app/cli.ts","cli/commands/codegen":"src/app/commands/codegen.tsx"}
[34mCLI[39m Using tsconfig: tsconfig.cli.json
[34mCLI[39m Building entry: {"lib/index":"src/index.ts"}
[34mCLI[39m Using tsconfig: tsconfig.lib.json
[34mCLI[39m tsup v8.1.0
[34mCLI[39m Using tsup config: /home/aircraft/create/Hirebird/hirebird.v.2/hb.monorepo/packages/uix/tsup.config.ts
[34mCLI[39m tsup v8.1.0
[34mCLI[39m Using tsup config: /home/aircraft/create/Hirebird/hirebird.v.2/hb.monorepo/packages/uix/tsup.config.ts
[34mCLI[39m tsup v8.1.0
[34mCLI[39m Using tsup config: /home/aircraft/create/Hirebird/hirebird.v.2/hb.monorepo/packages/uix/tsup.config.ts
[34mCLI[39m Target: es2022
[34mCLI[39m Target: es2022
[34mCLI[39m Target: es2022
[34mCLI[39m Cleaning output folder
[34mESM[39m Build start
[34mCLI[39m Cleaning output folder
[34mESM[39m Build start
[34mCLI[39m Cleaning output folder
[34mESM[39m Build start
[34mCJS[39m Build start
[32mESM[39m [1mdist/cli/cli.js [22m[32m322.00 B[39m
[32mESM[39m ⚡️ Build success in 15ms
[32mESM[39m [1mdist/lib/index.js [22m[32m18.62 KB[39m
[32mESM[39m ⚡️ Build success in 32ms
[32mCJS[39m [1mdist/lib/index.cjs [22m[32m20.97 KB[39m
[32mCJS[39m ⚡️ Build success in 33ms
[32mESM[39m [1mdist/cli/cli.js              [22m[32m322.00 B[39m
[32mESM[39m [1mdist/cli/commands/codegen.js [22m[32m18.21 KB[39m
[32mESM[39m ⚡️ Build success in 36ms
[34mDTS[39m Build start
[32mDTS[39m ⚡️ Build success in 1332ms
[32mDTS[39m [1mdist/lib/index.d.ts  [22m[32m17.08 KB[39m
[32mDTS[39m [1mdist/lib/index.d.cts [22m[32m17.08 KB[39m
